<?xml version="1.0" encoding="UTF-8"?>
<testng-results ignored="0" total="2" passed="2" failed="0" skipped="0">
  <reporter-output>
  </reporter-output>
  <suite started-at="2023-02-16T22:30:17 IST" name="Suite" finished-at="2023-02-16T22:30:19 IST" duration-ms="2238">
    <groups>
    </groups>
    <test started-at="2023-02-16T22:30:17 IST" name="Test" finished-at="2023-02-16T22:30:19 IST" duration-ms="2238">
      <class name="test.LoginTest">
        <test-method is-config="true" signature="initbrowser()[pri:0, instance:test.LoginTest@7c711375]" started-at="2023-02-16T22:30:03 IST" name="initbrowser" finished-at="2023-02-16T22:30:17 IST" duration-ms="14027" status="PASS">
          <reporter-output>
          </reporter-output>
        </test-method> <!-- initbrowser -->
        <test-method is-config="true" signature="obj()[pri:0, instance:test.LoginTest@7c711375]" started-at="2023-02-16T22:30:17 IST" name="obj" finished-at="2023-02-16T22:30:17 IST" duration-ms="262" status="PASS">
          <reporter-output>
          </reporter-output>
        </test-method> <!-- obj -->
        <test-method signature="validatedetails()[pri:1, instance:test.LoginTest@7c711375]" started-at="2023-02-16T22:30:17 IST" name="validatedetails" finished-at="2023-02-16T22:30:19 IST" duration-ms="1930" status="PASS">
          <reporter-output>
          </reporter-output>
        </test-method> <!-- validatedetails -->
        <test-method signature="validateTitle()[pri:2, instance:test.LoginTest@7c711375]" started-at="2023-02-16T22:30:19 IST" name="validateTitle" finished-at="2023-02-16T22:30:19 IST" depends-on-methods="test.LoginTest.validatedetails" duration-ms="9" status="PASS">
          <reporter-output>
          </reporter-output>
        </test-method> <!-- validateTitle -->
      </class> <!-- test.LoginTest -->
    </test> <!-- Test -->
  </suite> <!-- Suite -->
</testng-results>
